{"meta": {"format": 3, "version": "7.13.5", "timestamp": "2026-06-18T18:23:39.732786", "branch_coverage": false, "show_contexts": false}, "files": {"plugins/mycelium/integrations/opencode/check-tool-calling.py": {"executed_lines": [26, 28, 29, 30, 33, 35, 40, 41, 42, 43, 44, 45, 46, 47, 48, 49, 50, 51, 52, 53, 54, 55, 56, 58], "summary": {"covered_lines": 24, "num_statements": 28, "percent_covered": 85.71428571428571, "percent_covered_display": "86", "missing_lines": 4, "excluded_lines": 0, "percent_statements_covered": 85.71428571428571, "percent_statements_covered_display": "86"}, "missing_lines": [36, 37, 38, 59], "excluded_lines": [], "functions": {"post": {"executed_lines": [], "summary": {"covered_lines": 0, "num_statements": 3, "percent_covered": 0.0, "percent_covered_display": "0", "missing_lines": 3, "excluded_lines": 0, "percent_statements_covered": 0.0, "percent_statements_covered_display": "0"}, "missing_lines": [36, 37, 38], "excluded_lines": [], "start_line": 35}, "main": {"executed_lines": [41, 42, 43, 44, 45, 46, 47, 48, 49, 50, 51, 52, 53, 54, 55, 56], "summary": {"covered_lines": 16, "num_statements": 16, "percent_covered": 100.0, "percent_covered_display": "100", "missing_lines": 0, "excluded_lines": 0, "percent_statements_covered": 100.0, "percent_statements_covered_display": "100"}, "missing_lines": [], "excluded_lines": [], "start_line": 40}, "": {"executed_lines": [26, 28, 29, 30, 33, 35, 40, 58], "summary": {"covered_lines": 8, "num_statements": 9, "percent_covered": 88.88888888888889, "percent_covered_display": "89", "missing_lines": 1, "excluded_lines": 0, "percent_statements_covered": 88.88888888888889, "percent_statements_covered_display": "89"}, "missing_lines": [59], "excluded_lines": [], "start_line": 1}}, "classes": {"": {"executed_lines": [26, 28, 29, 30, 33, 35, 40, 41, 42, 43, 44, 45, 46, 47, 48, 49, 50, 51, 52, 53, 54, 55, 56, 58], "summary": {"covered_lines": 24, "num_statements": 28, "percent_covered": 85.71428571428571, "percent_covered_display": "86", "missing_lines": 4, "excluded_lines": 0, "percent_statements_covered": 85.71428571428571, "percent_statements_covered_display": "86"}, "missing_lines": [36, 37, 38, 59], "excluded_lines": [], "start_line": 1}}}, "plugins/mycelium/scripts/_manifest_lib.py": {"executed_lines": [13, 19, 31, 34, 35, 38, 41, 44, 55, 57, 58, 59, 61, 62, 63, 64, 65, 66, 67, 68, 69, 71, 74, 75, 76, 77, 80, 81, 82, 85, 86, 87, 88, 89, 91, 92, 93, 101, 102, 109], "summary": {"covered_lines": 40, "num_statements": 41, "percent_covered": 97.5609756097561, "percent_covered_display": "98", "missing_lines": 1, "excluded_lines": 0, "percent_statements_covered": 97.5609756097561, "percent_statements_covered_display": "98"}, "missing_lines": [90], "excluded_lines": [], "functions": {"parse_manifest": {"executed_lines": [55, 57, 58, 59, 61, 62, 63, 64, 65, 66, 67, 68, 69, 71, 74, 75, 76, 77, 80, 81, 82, 85, 86, 87, 88, 89, 91, 92, 93, 101, 102, 109], "summary": {"covered_lines": 32, "num_statements": 33, "percent_covered": 96.96969696969697, "percent_covered_display": "97", "missing_lines": 1, "excluded_lines": 0, "percent_statements_covered": 96.96969696969697, "percent_statements_covered_display": "97"}, "missing_lines": [90], "excluded_lines": [], "start_line": 44}, "": {"executed_lines": [13, 19, 31, 34, 35, 38, 41, 44], "summary": {"covered_lines": 8, "num_statements": 8, "percent_covered": 100.0, "percent_covered_display": "100", "missing_lines": 0, "excluded_lines": 0, "percent_statements_covered": 100.0, "percent_statements_covered_display": "100"}, "missing_lines": [], "excluded_lines": [], "start_line": 1}}, "classes": {"": {"executed_lines": [13, 19, 31, 34, 35, 38, 41, 44, 55, 57, 58, 59, 61, 62, 63, 64, 65, 66, 67, 68, 69, 71, 74, 75, 76, 77, 80, 81, 82, 85, 86, 87, 88, 89, 91, 92, 93, 101, 102, 109], "summary": {"covered_lines": 40, "num_statements": 41, "percent_covered": 97.5609756097561, "percent_covered_display": "98", "missing_lines": 1, "excluded_lines": 0, "percent_statements_covered": 97.5609756097561, "percent_statements_covered_display": "98"}, "missing_lines": [90], "excluded_lines": [], "start_line": 1}}}, "plugins/mycelium/scripts/autonomous_evidence_guard.py": {"executed_lines": [36, 37, 38, 39, 41, 53, 57, 58, 61, 62, 63, 64, 65, 66, 67, 68, 69, 70, 71, 72, 75, 77, 78, 79, 80, 81, 82, 83, 84, 85, 86, 87, 92, 93, 104, 111, 114, 115, 117, 118, 119, 120, 122, 123, 125, 126, 127, 129, 130, 132, 133, 134, 138], "summary": {"covered_lines": 53, "num_statements": 57, "percent_covered": 92.98245614035088, "percent_covered_display": "93", "missing_lines": 4, "excluded_lines": 0, "percent_statements_covered": 92.98245614035088, "percent_statements_covered_display": "93"}, "missing_lines": [88, 128, 135, 139], "excluded_lines": [], "functions": {"truthy": {"executed_lines": [58], "summary": {"covered_lines": 1, "num_statements": 1, "percent_covered": 100.0, "percent_covered_display": "100", "missing_lines": 0, "excluded_lines": 0, "percent_statements_covered": 100.0, "percent_statements_covered_display": "100"}, "missing_lines": [], "excluded_lines": [], "start_line": 57}, "autonomous_active": {"executed_lines": [62, 63, 64, 65, 66, 67, 68, 69, 70, 71, 72], "summary": {"covered_lines": 11, "num_statements": 11, "percent_covered": 100.0, "percent_covered_display": "100", "missing_lines": 0, "excluded_lines": 0, "percent_statements_covered": 100.0, "percent_statements_covered_display": "100"}, "missing_lines": [], "excluded_lines": [], "start_line": 61}, "extract": {"executed_lines": [77, 78, 79, 80, 81, 82, 83, 84, 85, 86, 87], "summary": {"covered_lines": 11, "num_statements": 12, "percent_covered": 91.66666666666667, "percent_covered_display": "92", "missing_lines": 1, "excluded_lines": 0, "percent_statements_covered": 91.66666666666667, "percent_statements_covered_display": "92"}, "missing_lines": [88], "excluded_lines": [], "start_line": 75}, "deny": {"executed_lines": [93, 104, 111], "summary": {"covered_lines": 3, "num_statements": 3, "percent_covered": 100.0, "percent_covered_display": "100", "missing_lines": 0, "excluded_lines": 0, "percent_statements_covered": 100.0, "percent_statements_covered_display": "100"}, "missing_lines": [], "excluded_lines": [], "start_line": 92}, "main": {"executed_lines": [115, 117, 118, 119, 120, 122, 123, 125, 126, 127, 129, 130, 132, 133, 134], "summary": {"covered_lines": 15, "num_statements": 17, "percent_covered": 88.23529411764706, "percent_covered_display": "88", "missing_lines": 2, "excluded_lines": 0, "percent_statements_covered": 88.23529411764706, "percent_statements_covered_display": "88"}, "missing_lines": [128, 135], "excluded_lines": [], "start_line": 114}, "": {"executed_lines": [36, 37, 38, 39, 41, 53, 57, 61, 75, 92, 114, 138], "summary": {"covered_lines": 12, "num_statements": 13, "percent_covered": 92.3076923076923, "percent_covered_display": "92", "missing_lines": 1, "excluded_lines": 0, "percent_statements_covered": 92.3076923076923, "percent_statements_covered_display": "92"}, "missing_lines": [139], "excluded_lines": [], "start_line": 1}}, "classes": {"": {"executed_lines": [36, 37, 38, 39, 41, 53, 57, 58, 61, 62, 63, 64, 65, 66, 67, 68, 69, 70, 71, 72, 75, 77, 78, 79, 80, 81, 82, 83, 84, 85, 86, 87, 92, 93, 104, 111, 114, 115, 117, 118, 119, 120, 122, 123, 125, 126, 127, 129, 130, 132, 133, 134, 138], "summary": {"covered_lines": 53, "num_statements": 57, "percent_covered": 92.98245614035088, "percent_covered_display": "93", "missing_lines": 4, "excluded_lines": 0, "percent_statements_covered": 92.98245614035088, "percent_statements_covered_display": "93"}, "missing_lines": [88, 128, 135, 139], "excluded_lines": [], "start_line": 1}}}, "plugins/mycelium/scripts/check_coverage_floor.py": {"executed_lines": [27, 28, 29, 30, 33, 34, 35, 38, 39, 40, 41, 42, 43, 44, 45, 46, 47, 50, 52, 53, 54, 55, 56, 57, 58, 59, 60, 61, 62, 63, 64, 65, 66, 67, 70, 71, 72, 73, 74, 75, 77, 78, 79, 80, 81, 82, 84, 86, 87, 89, 90, 91, 92, 93, 94, 96, 98, 99, 102], "summary": {"covered_lines": 59, "num_statements": 60, "percent_covered": 98.33333333333333, "percent_covered_display": "98", "missing_lines": 1, "excluded_lines": 0, "percent_statements_covered": 98.33333333333333, "percent_statements_covered_display": "98"}, "missing_lines": [103], "excluded_lines": [], "functions": {"iter_targets": {"executed_lines": [39, 40, 41, 42, 43, 44, 45, 46, 47], "summary": {"covered_lines": 9, "num_statements": 9, "percent_covered": 100.0, "percent_covered_display": "100", "missing_lines": 0, "excluded_lines": 0, "percent_statements_covered": 100.0, "percent_statements_covered_display": "100"}, "missing_lines": [], "excluded_lines": [], "start_line": 38}, "evaluate": {"executed_lines": [52, 53, 54, 55, 56, 57, 58, 59, 60, 61, 62, 63, 64, 65, 66, 67], "summary": {"covered_lines": 16, "num_statements": 16, "percent_covered": 100.0, "percent_covered_display": "100", "missing_lines": 0, "excluded_lines": 0, "percent_statements_covered": 100.0, "percent_statements_covered_display": "100"}, "missing_lines": [], "excluded_lines": [], "start_line": 50}, "main": {"executed_lines": [71, 72, 73, 74, 75, 77, 78, 79, 80, 81, 82, 84, 86, 87, 89, 90, 91, 92, 93, 94, 96, 98, 99], "summary": {"covered_lines": 23, "num_statements": 23, "percent_covered": 100.0, "percent_covered_display": "100", "missing_lines": 0, "excluded_lines": 0, "percent_statements_covered": 100.0, "percent_statements_covered_display": "100"}, "missing_lines": [], "excluded_lines": [], "start_line": 70}, "": {"executed_lines": [27, 28, 29, 30, 33, 34, 35, 38, 50, 70, 102], "summary": {"covered_lines": 11, "num_statements": 12, "percent_covered": 91.66666666666667, "percent_covered_display": "92", "missing_lines": 1, "excluded_lines": 0, "percent_statements_covered": 91.66666666666667, "percent_statements_covered_display": "92"}, "missing_lines": [103], "excluded_lines": [], "start_line": 1}}, "classes": {"": {"executed_lines": [27, 28, 29, 30, 33, 34, 35, 38, 39, 40, 41, 42, 43, 44, 45, 46, 47, 50, 52, 53, 54, 55, 56, 57, 58, 59, 60, 61, 62, 63, 64, 65, 66, 67, 70, 71, 72, 73, 74, 75, 77, 78, 79, 80, 81, 82, 84, 86, 87, 89, 90, 91, 92, 93, 94, 96, 98, 99, 102], "summary": {"covered_lines": 59, "num_statements": 60, "percent_covered": 98.33333333333333, "percent_covered_display": "98", "missing_lines": 1, "excluded_lines": 0, "percent_statements_covered": 98.33333333333333, "percent_statements_covered_display": "98"}, "missing_lines": [103], "excluded_lines": [], "start_line": 1}}}, "plugins/mycelium/scripts/check_doc_references.py": {"executed_lines": [34, 35, 36, 37, 38, 39, 42, 51, 54, 60, 68, 69, 70, 71, 72, 73, 74, 77, 79, 81, 84, 85, 88, 89, 90, 91, 92, 94, 95, 99, 102, 104, 106, 108, 112, 114, 115, 116, 117, 118, 119, 120, 121, 122, 123, 129, 130, 131, 132, 133, 134, 135, 138, 139, 144, 145, 146, 147, 150, 153, 154, 155, 156, 157, 158, 159, 160, 161, 162, 163, 164, 165, 166, 167, 168, 169, 170, 177, 212], "summary": {"covered_lines": 79, "num_statements": 103, "percent_covered": 76.69902912621359, "percent_covered_display": "77", "missing_lines": 24, "excluded_lines": 0, "percent_statements_covered": 76.69902912621359, "percent_statements_covered_display": "77"}, "missing_lines": [82, 148, 149, 178, 179, 180, 181, 183, 184, 187, 189, 190, 191, 193, 195, 196, 198, 202, 203, 204, 205, 207, 209, 213], "excluded_lines": [], "functions": {"iter_scan_files": {"executed_lines": [69, 70, 71, 72, 73, 74], "summary": {"covered_lines": 6, "num_statements": 6, "percent_covered": 100.0, "percent_covered_display": "100", "missing_lines": 0, "excluded_lines": 0, "percent_statements_covered": 100.0, "percent_statements_covered_display": "100"}, "missing_lines": [], "excluded_lines": [], "start_line": 68}, "clean_target": {"executed_lines": [79, 81, 84, 85], "summary": {"covered_lines": 4, "num_statements": 5, "percent_covered": 80.0, "percent_covered_display": "80", "missing_lines": 1, "excluded_lines": 0, "percent_statements_covered": 80.0, "percent_statements_covered_display": "80"}, "missing_lines": [82], "excluded_lines": [], "start_line": 77}, "is_skippable": {"executed_lines": [89, 90, 91, 92, 94, 95, 99], "summary": {"covered_lines": 7, "num_statements": 7, "percent_covered": 100.0, "percent_covered_display": "100", "missing_lines": 0, "excluded_lines": 0, "percent_statements_covered": 100.0, "percent_statements_covered_display": "100"}, "missing_lines": [], "excluded_lines": [], "start_line": 88}, "candidate_paths": {"executed_lines": [104, 106, 108, 112, 114, 115, 116, 117, 118, 119, 120, 121, 122, 123, 129, 130, 131, 132, 133, 134, 135], "summary": {"covered_lines": 21, "num_statements": 21, "percent_covered": 100.0, "percent_covered_display": "100", "missing_lines": 0, "excluded_lines": 0, "percent_statements_covered": 100.0, "percent_statements_covered_display": "100"}, "missing_lines": [], "excluded_lines": [], "start_line": 102}, "resolves": {"executed_lines": [139, 144, 145, 146, 147, 150], "summary": {"covered_lines": 6, "num_statements": 8, "percent_covered": 75.0, "percent_covered_display": "75", "missing_lines": 2, "excluded_lines": 0, "percent_statements_covered": 75.0, "percent_statements_covered_display": "75"}, "missing_lines": [148, 149], "excluded_lines": [], "start_line": 138}, "scan": {"executed_lines": [154, 155, 156, 157, 158, 159, 160, 161, 162, 163, 164, 165, 166, 167, 168, 169, 170], "summary": {"covered_lines": 17, "num_statements": 17, "percent_covered": 100.0, "percent_covered_display": "100", "missing_lines": 0, "excluded_lines": 0, "percent_statements_covered": 100.0, "percent_statements_covered_display": "100"}, "missing_lines": [], "excluded_lines": [], "start_line": 153}, "main": {"executed_lines": [], "summary": {"covered_lines": 0, "num_statements": 20, "percent_covered": 0.0, "percent_covered_display": "0", "missing_lines": 20, "excluded_lines": 0, "percent_statements_covered": 0.0, "percent_statements_covered_display": "0"}, "missing_lines": [178, 179, 180, 181, 183, 184, 187, 189, 190, 191, 193, 195, 196, 198, 202, 203, 204, 205, 207, 209], "excluded_lines": [], "start_line": 177}, "": {"executed_lines": [34, 35, 36, 37, 38, 39, 42, 51, 54, 60, 68, 77, 88, 102, 138, 153, 177, 212], "summary": {"covered_lines": 18, "num_statements": 19, "percent_covered": 94.73684210526316, "percent_covered_display": "95", "missing_lines": 1, "excluded_lines": 0, "percent_statements_covered": 94.73684210526316, "percent_statements_covered_display": "95"}, "missing_lines": [213], "excluded_lines": [], "start_line": 1}}, "classes": {"": {"executed_lines": [34, 35, 36, 37, 38, 39, 42, 51, 54, 60, 68, 69, 70, 71, 72, 73, 74, 77, 79, 81, 84, 85, 88, 89, 90, 91, 92, 94, 95, 99, 102, 104, 106, 108, 112, 114, 115, 116, 117, 118, 119, 120, 121, 122, 123, 129, 130, 131, 132, 133, 134, 135, 138, 139, 144, 145, 146, 147, 150, 153, 154, 155, 156, 157, 158, 159, 160, 161, 162, 163, 164, 165, 166, 167, 168, 169, 170, 177, 212], "summary": {"covered_lines": 79, "num_statements": 103, "percent_covered": 76.69902912621359, "percent_covered_display": "77", "missing_lines": 24, "excluded_lines": 0, "percent_statements_covered": 76.69902912621359, "percent_statements_covered_display": "77"}, "missing_lines": [82, 148, 149, 178, 179, 180, 181, 183, 184, 187, 189, 190, 191, 193, 195, 196, 198, 202, 203, 204, 205, 207, 209, 213], "excluded_lines": [], "start_line": 1}}}, "plugins/mycelium/scripts/check_gated_by.py": {"executed_lines": [103, 106, 107, 118, 121], "summary": {"covered_lines": 5, "num_statements": 6, "percent_covered": 83.33333333333333, "percent_covered_display": "83", "missing_lines": 1, "excluded_lines": 0, "percent_statements_covered": 83.33333333333333, "percent_statements_covered_display": "83"}, "missing_lines": [122], "excluded_lines": [], "functions": {"main": {"executed_lines": [107, 118], "summary": {"covered_lines": 2, "num_statements": 2, "percent_covered": 100.0, "percent_covered_display": "100", "missing_lines": 0, "excluded_lines": 0, "percent_statements_covered": 100.0, "percent_statements_covered_display": "100"}, "missing_lines": [], "excluded_lines": [], "start_line": 106}, "": {"executed_lines": [103, 106, 121], "summary": {"covered_lines": 3, "num_statements": 4, "percent_covered": 75.0, "percent_covered_display": "75", "missing_lines": 1, "excluded_lines": 0, "percent_statements_covered": 75.0, "percent_statements_covered_display": "75"}, "missing_lines": [122], "excluded_lines": [], "start_line": 1}}, "classes": {"": {"executed_lines": [103, 106, 107, 118, 121], "summary": {"covered_lines": 5, "num_statements": 6, "percent_covered": 83.33333333333333, "percent_covered_display": "83", "missing_lines": 1, "excluded_lines": 0, "percent_statements_covered": 83.33333333333333, "percent_statements_covered_display": "83"}, "missing_lines": [122], "excluded_lines": [], "start_line": 1}}}, "plugins/mycelium/scripts/check_legacy_paths.py": {"executed_lines": [40, 41, 42, 43, 44, 47, 55, 59, 71, 72, 73, 74, 75, 76, 77, 80, 81, 82, 83, 84, 85, 86, 87, 88, 93, 94, 95, 96, 97, 100, 101, 102, 103, 104, 106, 107, 112, 116, 118, 121, 123, 124, 126, 127, 128, 132, 134, 137], "summary": {"covered_lines": 48, "num_statements": 53, "percent_covered": 90.56603773584905, "percent_covered_display": "91", "missing_lines": 5, "excluded_lines": 0, "percent_statements_covered": 90.56603773584905, "percent_statements_covered_display": "91"}, "missing_lines": [110, 113, 114, 119, 138], "excluded_lines": [], "functions": {"iter_scan_files": {"executed_lines": [72, 73, 74, 75, 76, 77], "summary": {"covered_lines": 6, "num_statements": 6, "percent_covered": 100.0, "percent_covered_display": "100", "missing_lines": 0, "excluded_lines": 0, "percent_statements_covered": 100.0, "percent_statements_covered_display": "100"}, "missing_lines": [], "excluded_lines": [], "start_line": 71}, "scan": {"executed_lines": [81, 82, 83, 84, 85, 86, 87, 88, 93, 94, 95, 96, 97], "summary": {"covered_lines": 13, "num_statements": 13, "percent_covered": 100.0, "percent_covered_display": "100", "missing_lines": 0, "excluded_lines": 0, "percent_statements_covered": 100.0, "percent_statements_covered_display": "100"}, "missing_lines": [], "excluded_lines": [], "start_line": 80}, "main": {"executed_lines": [101, 102, 103, 104, 106, 107, 112, 116, 118, 121, 123, 124, 126, 127, 128, 132, 134], "summary": {"covered_lines": 17, "num_statements": 21, "percent_covered": 80.95238095238095, "percent_covered_display": "81", "missing_lines": 4, "excluded_lines": 0, "percent_statements_covered": 80.95238095238095, "percent_statements_covered_display": "81"}, "missing_lines": [110, 113, 114, 119], "excluded_lines": [], "start_line": 100}, "": {"executed_lines": [40, 41, 42, 43, 44, 47, 55, 59, 71, 80, 100, 137], "summary": {"covered_lines": 12, "num_statements": 13, "percent_covered": 92.3076923076923, "percent_covered_display": "92", "missing_lines": 1, "excluded_lines": 0, "percent_statements_covered": 92.3076923076923, "percent_statements_covered_display": "92"}, "missing_lines": [138], "excluded_lines": [], "start_line": 1}}, "classes": {"": {"executed_lines": [40, 41, 42, 43, 44, 47, 55, 59, 71, 72, 73, 74, 75, 76, 77, 80, 81, 82, 83, 84, 85, 86, 87, 88, 93, 94, 95, 96, 97, 100, 101, 102, 103, 104, 106, 107, 112, 116, 118, 121, 123, 124, 126, 127, 128, 132, 134, 137], "summary": {"covered_lines": 48, "num_statements": 53, "percent_covered": 90.56603773584905, "percent_covered_display": "91", "missing_lines": 5, "excluded_lines": 0, "percent_statements_covered": 90.56603773584905, "percent_statements_covered_display": "91"}, "missing_lines": [110, 113, 114, 119, 138], "excluded_lines": [], "start_line": 1}}}, "plugins/mycelium/scripts/check_theory_fidelity.py": {"executed_lines": [41, 42, 43, 44, 45, 47, 48, 49, 54, 55, 56, 57, 62, 63, 66, 68, 69, 71, 72, 73, 74, 75, 76, 77, 80, 82, 83, 84, 85, 86, 87, 88, 89, 90, 93, 94, 95, 96, 97, 98, 101, 102, 103, 105, 106, 109, 110, 111, 114, 115, 116, 119, 120, 121, 124, 125, 126, 129, 130, 139, 140, 141, 142, 144, 145, 146, 147, 148, 149, 151, 152, 154, 157, 158, 159, 160, 161, 163, 165, 166, 167, 168, 170, 172, 173, 175, 176, 177, 178, 179, 180, 183, 185, 188], "summary": {"covered_lines": 94, "num_statements": 97, "percent_covered": 96.90721649484536, "percent_covered_display": "97", "missing_lines": 3, "excluded_lines": 0, "percent_statements_covered": 96.90721649484536, "percent_statements_covered_display": "97"}, "missing_lines": [70, 150, 189], "excluded_lines": [], "functions": {"_section": {"executed_lines": [68, 69, 71, 72, 73, 74, 75, 76, 77], "summary": {"covered_lines": 9, "num_statements": 10, "percent_covered": 90.0, "percent_covered_display": "90", "missing_lines": 1, "excluded_lines": 0, "percent_statements_covered": 90.0, "percent_statements_covered_display": "90"}, "missing_lines": [70], "excluded_lines": [], "start_line": 66}, "_gate_numbers_and_sources": {"executed_lines": [82, 83, 84, 85, 86, 87, 88, 89, 90], "summary": {"covered_lines": 9, "num_statements": 9, "percent_covered": 100.0, "percent_covered_display": "100", "missing_lines": 0, "excluded_lines": 0, "percent_statements_covered": 100.0, "percent_statements_covered_display": "100"}, "missing_lines": [], "excluded_lines": [], "start_line": 80}, "scan": {"executed_lines": [94, 95, 96, 97, 98, 101, 102, 103, 105, 106, 109, 110, 111, 114, 115, 116, 119, 120, 121, 124, 125, 126, 129, 139, 140, 141, 142, 144, 145, 146, 147, 148, 149, 151, 152, 154], "summary": {"covered_lines": 36, "num_statements": 37, "percent_covered": 97.29729729729729, "percent_covered_display": "97", "missing_lines": 1, "excluded_lines": 0, "percent_statements_covered": 97.29729729729729, "percent_statements_covered_display": "97"}, "missing_lines": [150], "excluded_lines": [], "start_line": 93}, "scan.has_mechanism": {"executed_lines": [130], "summary": {"covered_lines": 1, "num_statements": 1, "percent_covered": 100.0, "percent_covered_display": "100", "missing_lines": 0, "excluded_lines": 0, "percent_statements_covered": 100.0, "percent_statements_covered_display": "100"}, "missing_lines": [], "excluded_lines": [], "start_line": 129}, "main": {"executed_lines": [158, 159, 160, 161, 163, 165, 166, 167, 168, 170, 172, 173, 175, 176, 177, 178, 179, 180, 183, 185], "summary": {"covered_lines": 20, "num_statements": 20, "percent_covered": 100.0, "percent_covered_display": "100", "missing_lines": 0, "excluded_lines": 0, "percent_statements_covered": 100.0, "percent_statements_covered_display": "100"}, "missing_lines": [], "excluded_lines": [], "start_line": 157}, "": {"executed_lines": [41, 42, 43, 44, 45, 47, 48, 49, 54, 55, 56, 57, 62, 63, 66, 80, 93, 157, 188], "summary": {"covered_lines": 19, "num_statements": 20, "percent_covered": 95.0, "percent_covered_display": "95", "missing_lines": 1, "excluded_lines": 0, "percent_statements_covered": 95.0, "percent_statements_covered_display": "95"}, "missing_lines": [189], "excluded_lines": [], "start_line": 1}}, "classes": {"": {"executed_lines": [41, 42, 43, 44, 45, 47, 48, 49, 54, 55, 56, 57, 62, 63, 66, 68, 69, 71, 72, 73, 74, 75, 76, 77, 80, 82, 83, 84, 85, 86, 87, 88, 89, 90, 93, 94, 95, 96, 97, 98, 101, 102, 103, 105, 106, 109, 110, 111, 114, 115, 116, 119, 120, 121, 124, 125, 126, 129, 130, 139, 140, 141, 142, 144, 145, 146, 147, 148, 149, 151, 152, 154, 157, 158, 159, 160, 161, 163, 165, 166, 167, 168, 170, 172, 173, 175, 176, 177, 178, 179, 180, 183, 185, 188], "summary": {"covered_lines": 94, "num_statements": 97, "percent_covered": 96.90721649484536, "percent_covered_display": "97", "missing_lines": 3, "excluded_lines": 0, "percent_statements_covered": 96.90721649484536, "percent_statements_covered_display": "97"}, "missing_lines": [70, 150, 189], "excluded_lines": [], "start_line": 1}}}, "plugins/mycelium/scripts/framework_guard.py": {"executed_lines": [28, 29, 30, 31, 32, 35, 36, 46, 59, 69, 74, 77, 81, 99, 106, 108, 109, 111, 112, 113, 116, 123, 124, 125, 128, 132, 133, 134, 135, 137, 144, 146, 147, 148, 149, 150, 151, 152, 153, 154, 157, 167, 168, 169, 171, 172, 175, 181, 184, 193, 194, 195, 196, 197, 198, 199, 200, 203, 209, 210, 211, 213, 214, 216, 217, 218, 222, 227, 230, 259, 261, 262, 264, 265, 266, 267, 271, 272, 273, 274, 275, 277, 284, 286, 295, 298, 299, 316, 317, 337, 338, 339, 340, 341, 342, 343, 344, 347, 348, 349, 350, 351, 352, 353, 356, 367, 368, 369, 370, 371, 372, 373, 376, 382, 383, 384, 385, 386, 387, 388, 389, 392, 394, 395, 396, 397, 398, 399, 400, 401, 404, 406, 407, 408, 409, 412, 415, 416, 417, 419, 420, 422, 423, 424, 425, 427, 428, 429, 431, 432, 434, 435, 436, 437, 443, 455, 457, 466, 467, 468, 470, 473, 474], "summary": {"covered_lines": 163, "num_statements": 164, "percent_covered": 99.39024390243902, "percent_covered_display": "99", "missing_lines": 1, "excluded_lines": 0, "percent_statements_covered": 99.39024390243902, "percent_statements_covered_display": "99"}, "missing_lines": [225], "excluded_lines": [], "functions": {"is_framework": {"executed_lines": [108, 109, 111, 112, 113, 116, 123, 124, 125, 128, 132, 133, 134, 135, 137], "summary": {"covered_lines": 15, "num_statements": 15, "percent_covered": 100.0, "percent_covered_display": "100", "missing_lines": 0, "excluded_lines": 0, "percent_statements_covered": 100.0, "percent_statements_covered_display": "100"}, "missing_lines": [], "excluded_lines": [], "start_line": 106}, "_extract_framework_paths": {"executed_lines": [146, 147, 148, 149, 150, 151, 152, 153, 154], "summary": {"covered_lines": 9, "num_statements": 9, "percent_covered": 100.0, "percent_covered_display": "100", "missing_lines": 0, "excluded_lines": 0, "percent_statements_covered": 100.0, "percent_statements_covered_display": "100"}, "missing_lines": [], "excluded_lines": [], "start_line": 144}, "_is_segment_allowlisted": {"executed_lines": [167, 168, 169, 171, 172], "summary": {"covered_lines": 5, "num_statements": 5, "percent_covered": 100.0, "percent_covered_display": "100", "missing_lines": 0, "excluded_lines": 0, "percent_statements_covered": 100.0, "percent_statements_covered_display": "100"}, "missing_lines": [], "excluded_lines": [], "start_line": 157}, "_is_command_allowlisted": {"executed_lines": [181], "summary": {"covered_lines": 1, "num_statements": 1, "percent_covered": 100.0, "percent_covered_display": "100", "missing_lines": 0, "excluded_lines": 0, "percent_statements_covered": 100.0, "percent_statements_covered_display": "100"}, "missing_lines": [], "excluded_lines": [], "start_line": 175}, "_path_appears_at_boundary": {"executed_lines": [193, 194, 195, 196, 197, 198, 199, 200], "summary": {"covered_lines": 8, "num_statements": 8, "percent_covered": 100.0, "percent_covered_display": "100", "missing_lines": 0, "excluded_lines": 0, "percent_statements_covered": 100.0, "percent_statements_covered_display": "100"}, "missing_lines": [], "excluded_lines": [], "start_line": 184}, "_scan_segment_for_write": {"executed_lines": [209, 210, 211, 213, 214, 216, 217, 218, 222, 227], "summary": {"covered_lines": 10, "num_statements": 11, "percent_covered": 90.9090909090909, "percent_covered_display": "91", "missing_lines": 1, "excluded_lines": 0, "percent_statements_covered": 90.9090909090909, "percent_statements_covered_display": "91"}, "missing_lines": [225], "excluded_lines": [], "start_line": 203}, "is_framework_write_in_command": {"executed_lines": [259, 261, 262, 264, 265, 266, 267, 271, 272, 273, 274, 275, 277], "summary": {"covered_lines": 13, "num_statements": 13, "percent_covered": 100.0, "percent_covered_display": "100", "missing_lines": 0, "excluded_lines": 0, "percent_statements_covered": 100.0, "percent_statements_covered_display": "100"}, "missing_lines": [], "excluded_lines": [], "start_line": 230}, "deny": {"executed_lines": [286, 295], "summary": {"covered_lines": 2, "num_statements": 2, "percent_covered": 100.0, "percent_covered_display": "100", "missing_lines": 0, "excluded_lines": 0, "percent_statements_covered": 100.0, "percent_statements_covered_display": "100"}, "missing_lines": [], "excluded_lines": [], "start_line": 284}, "_deny_file_edit": {"executed_lines": [299], "summary": {"covered_lines": 1, "num_statements": 1, "percent_covered": 100.0, "percent_covered_display": "100", "missing_lines": 0, "excluded_lines": 0, "percent_statements_covered": 100.0, "percent_statements_covered_display": "100"}, "missing_lines": [], "excluded_lines": [], "start_line": 298}, "_deny_bash_write": {"executed_lines": [317], "summary": {"covered_lines": 1, "num_statements": 1, "percent_covered": 100.0, "percent_covered_display": "100", "missing_lines": 0, "excluded_lines": 0, "percent_statements_covered": 100.0, "percent_statements_covered_display": "100"}, "missing_lines": [], "excluded_lines": [], "start_line": 316}, "_handle_file_edit": {"executed_lines": [338, 339, 340, 341, 342, 343, 344], "summary": {"covered_lines": 7, "num_statements": 7, "percent_covered": 100.0, "percent_covered_display": "100", "missing_lines": 0, "excluded_lines": 0, "percent_statements_covered": 100.0, "percent_statements_covered_display": "100"}, "missing_lines": [], "excluded_lines": [], "start_line": 337}, "_handle_bash": {"executed_lines": [348, 349, 350, 351, 352, 353], "summary": {"covered_lines": 6, "num_statements": 6, "percent_covered": 100.0, "percent_covered_display": "100", "missing_lines": 0, "excluded_lines": 0, "percent_statements_covered": 100.0, "percent_statements_covered_display": "100"}, "missing_lines": [], "excluded_lines": [], "start_line": 347}, "_handle_mcp_filesystem_path": {"executed_lines": [367, 368, 369, 370, 371, 372, 373], "summary": {"covered_lines": 7, "num_statements": 7, "percent_covered": 100.0, "percent_covered_display": "100", "missing_lines": 0, "excluded_lines": 0, "percent_statements_covered": 100.0, "percent_statements_covered_display": "100"}, "missing_lines": [], "excluded_lines": [], "start_line": 356}, "_handle_mcp_filesystem_move": {"executed_lines": [382, 383, 384, 385, 386, 387, 388, 389], "summary": {"covered_lines": 8, "num_statements": 8, "percent_covered": 100.0, "percent_covered_display": "100", "missing_lines": 0, "excluded_lines": 0, "percent_statements_covered": 100.0, "percent_statements_covered_display": "100"}, "missing_lines": [], "excluded_lines": [], "start_line": 376}, "_load_state": {"executed_lines": [394, 395, 396, 397, 398, 399, 400, 401], "summary": {"covered_lines": 8, "num_statements": 8, "percent_covered": 100.0, "percent_covered_display": "100", "missing_lines": 0, "excluded_lines": 0, "percent_statements_covered": 100.0, "percent_statements_covered_display": "100"}, "missing_lines": [], "excluded_lines": [], "start_line": 392}, "_load_input": {"executed_lines": [406, 407, 408, 409], "summary": {"covered_lines": 4, "num_statements": 4, "percent_covered": 100.0, "percent_covered_display": "100", "missing_lines": 0, "excluded_lines": 0, "percent_statements_covered": 100.0, "percent_statements_covered_display": "100"}, "missing_lines": [], "excluded_lines": [], "start_line": 404}, "main": {"executed_lines": [416, 417, 419, 420, 422, 423, 424, 425, 427, 428, 429, 431, 432, 434, 435, 436, 437, 443, 455, 457, 466, 467, 468, 470], "summary": {"covered_lines": 24, "num_statements": 24, "percent_covered": 100.0, "percent_covered_display": "100", "missing_lines": 0, "excluded_lines": 0, "percent_statements_covered": 100.0, "percent_statements_covered_display": "100"}, "missing_lines": [], "excluded_lines": [], "start_line": 415}, "": {"executed_lines": [28, 29, 30, 31, 32, 35, 36, 46, 59, 69, 74, 77, 81, 99, 106, 144, 157, 175, 184, 203, 230, 284, 298, 316, 337, 347, 356, 376, 392, 404, 412, 415, 473, 474], "summary": {"covered_lines": 34, "num_statements": 34, "percent_covered": 100.0, "percent_covered_display": "100", "missing_lines": 0, "excluded_lines": 0, "percent_statements_covered": 100.0, "percent_statements_covered_display": "100"}, "missing_lines": [], "excluded_lines": [], "start_line": 1}}, "classes": {"": {"executed_lines": [28, 29, 30, 31, 32, 35, 36, 46, 59, 69, 74, 77, 81, 99, 106, 108, 109, 111, 112, 113, 116, 123, 124, 125, 128, 132, 133, 134, 135, 137, 144, 146, 147, 148, 149, 150, 151, 152, 153, 154, 157, 167, 168, 169, 171, 172, 175, 181, 184, 193, 194, 195, 196, 197, 198, 199, 200, 203, 209, 210, 211, 213, 214, 216, 217, 218, 222, 227, 230, 259, 261, 262, 264, 265, 266, 267, 271, 272, 273, 274, 275, 277, 284, 286, 295, 298, 299, 316, 317, 337, 338, 339, 340, 341, 342, 343, 344, 347, 348, 349, 350, 351, 352, 353, 356, 367, 368, 369, 370, 371, 372, 373, 376, 382, 383, 384, 385, 386, 387, 388, 389, 392, 394, 395, 396, 397, 398, 399, 400, 401, 404, 406, 407, 408, 409, 412, 415, 416, 417, 419, 420, 422, 423, 424, 425, 427, 428, 429, 431, 432, 434, 435, 436, 437, 443, 455, 457, 466, 467, 468, 470, 473, 474], "summary": {"covered_lines": 163, "num_statements": 164, "percent_covered": 99.39024390243902, "percent_covered_display": "99", "missing_lines": 1, "excluded_lines": 0, "percent_statements_covered": 99.39024390243902, "percent_statements_covered_display": "99"}, "missing_lines": [225], "excluded_lines": [], "start_line": 1}}}, "plugins/mycelium/scripts/ingest_warnings.py": {"executed_lines": [23, 25, 26, 27, 28, 29, 30, 37, 38, 39, 40, 42, 43, 44, 50, 51, 54, 55, 56, 57, 61, 64, 70, 91, 94, 96, 97, 98, 99, 102, 104, 105, 106, 107, 108, 109, 110, 115, 118, 120, 121, 122, 123, 124, 125, 127, 128, 129, 132, 148, 149, 151, 152, 153, 154, 155, 156, 157, 158, 159, 160, 161, 162, 163, 164, 165, 166, 169, 175, 176, 177, 178, 186, 189, 191, 208, 209, 211, 212, 213, 214, 215, 216, 223, 224, 236, 239, 240, 241, 245, 249, 253, 255, 256, 257, 261, 262, 263, 264, 265, 268, 277, 278, 279, 281, 282, 283, 289], "summary": {"covered_lines": 108, "num_statements": 118, "percent_covered": 91.52542372881356, "percent_covered_display": "92", "missing_lines": 10, "excluded_lines": 0, "percent_statements_covered": 91.52542372881356, "percent_statements_covered_display": "92"}, "missing_lines": [45, 46, 48, 52, 59, 258, 259, 269, 270, 290], "excluded_lines": [], "functions": {"_resolve_paths": {"executed_lines": [38, 39, 40, 42, 43, 44, 50, 51, 54, 55, 56, 57, 61], "summary": {"covered_lines": 13, "num_statements": 18, "percent_covered": 72.22222222222223, "percent_covered_display": "72", "missing_lines": 5, "excluded_lines": 0, "percent_statements_covered": 72.22222222222223, "percent_statements_covered_display": "72"}, "missing_lines": [45, 46, 48, 52, 59], "excluded_lines": [], "start_line": 37}, "classify": {"executed_lines": [96, 97, 98, 99], "summary": {"covered_lines": 4, "num_statements": 4, "percent_covered": 100.0, "percent_covered_display": "100", "missing_lines": 0, "excluded_lines": 0, "percent_statements_covered": 100.0, "percent_statements_covered_display": "100"}, "missing_lines": [], "excluded_lines": [], "start_line": 94}, "parse_ci_output": {"executed_lines": [104, 105, 106, 107, 108, 109, 110, 115], "summary": {"covered_lines": 8, "num_statements": 8, "percent_covered": 100.0, "percent_covered_display": "100", "missing_lines": 0, "excluded_lines": 0, "percent_statements_covered": 100.0, "percent_statements_covered_display": "100"}, "missing_lines": [], "excluded_lines": [], "start_line": 102}, "aggregate": {"executed_lines": [120, 121, 122, 123, 124, 125, 127, 128, 129], "summary": {"covered_lines": 9, "num_statements": 9, "percent_covered": 100.0, "percent_covered_display": "100", "missing_lines": 0, "excluded_lines": 0, "percent_statements_covered": 100.0, "percent_statements_covered_display": "100"}, "missing_lines": [], "excluded_lines": [], "start_line": 118}, "parse_existing_log": {"executed_lines": [148, 149, 151, 152, 153, 154, 155, 156, 157, 158, 159, 160, 161, 162, 163, 164, 165, 166], "summary": {"covered_lines": 18, "num_statements": 18, "percent_covered": 100.0, "percent_covered_display": "100", "missing_lines": 0, "excluded_lines": 0, "percent_statements_covered": 100.0, "percent_statements_covered_display": "100"}, "missing_lines": [], "excluded_lines": [], "start_line": 132}, "merge": {"executed_lines": [175, 176, 177, 178, 186], "summary": {"covered_lines": 5, "num_statements": 5, "percent_covered": 100.0, "percent_covered_display": "100", "missing_lines": 0, "excluded_lines": 0, "percent_statements_covered": 100.0, "percent_statements_covered_display": "100"}, "missing_lines": [], "excluded_lines": [], "start_line": 169}, "render": {"executed_lines": [191, 208, 209, 211, 223, 224, 236], "summary": {"covered_lines": 7, "num_statements": 7, "percent_covered": 100.0, "percent_covered_display": "100", "missing_lines": 0, "excluded_lines": 0, "percent_statements_covered": 100.0, "percent_statements_covered_display": "100"}, "missing_lines": [], "excluded_lines": [], "start_line": 189}, "render.sort_key": {"executed_lines": [212, 213, 214, 215, 216], "summary": {"covered_lines": 5, "num_statements": 5, "percent_covered": 100.0, "percent_covered_display": "100", "missing_lines": 0, "excluded_lines": 0, "percent_statements_covered": 100.0, "percent_statements_covered_display": "100"}, "missing_lines": [], "excluded_lines": [], "start_line": 211}, "main": {"executed_lines": [240, 241, 245, 249, 253, 255, 256, 257, 261, 262, 263, 264, 265, 268, 277, 278, 279, 281, 282, 283], "summary": {"covered_lines": 20, "num_statements": 24, "percent_covered": 83.33333333333333, "percent_covered_display": "83", "missing_lines": 4, "excluded_lines": 0, "percent_statements_covered": 83.33333333333333, "percent_statements_covered_display": "83"}, "missing_lines": [258, 259, 269, 270], "excluded_lines": [], "start_line": 239}, "": {"executed_lines": [23, 25, 26, 27, 28, 29, 30, 37, 64, 70, 91, 94, 102, 118, 132, 169, 189, 239, 289], "summary": {"covered_lines": 19, "num_statements": 20, "percent_covered": 95.0, "percent_covered_display": "95", "missing_lines": 1, "excluded_lines": 0, "percent_statements_covered": 95.0, "percent_statements_covered_display": "95"}, "missing_lines": [290], "excluded_lines": [], "start_line": 1}}, "classes": {"": {"executed_lines": [23, 25, 26, 27, 28, 29, 30, 37, 38, 39, 40, 42, 43, 44, 50, 51, 54, 55, 56, 57, 61, 64, 70, 91, 94, 96, 97, 98, 99, 102, 104, 105, 106, 107, 108, 109, 110, 115, 118, 120, 121, 122, 123, 124, 125, 127, 128, 129, 132, 148, 149, 151, 152, 153, 154, 155, 156, 157, 158, 159, 160, 161, 162, 163, 164, 165, 166, 169, 175, 176, 177, 178, 186, 189, 191, 208, 209, 211, 212, 213, 214, 215, 216, 223, 224, 236, 239, 240, 241, 245, 249, 253, 255, 256, 257, 261, 262, 263, 264, 265, 268, 277, 278, 279, 281, 282, 283, 289], "summary": {"covered_lines": 108, "num_statements": 118, "percent_covered": 91.52542372881356, "percent_covered_display": "92", "missing_lines": 10, "excluded_lines": 0, "percent_statements_covered": 91.52542372881356, "percent_statements_covered_display": "92"}, "missing_lines": [45, 46, 48, 52, 59, 258, 259, 269, 270, 290], "excluded_lines": [], "start_line": 1}}}, "plugins/mycelium/scripts/parse_manifest.py": {"executed_lines": [37, 38, 41, 42, 44, 45, 48, 49, 50, 51, 55, 59, 60, 64, 70, 72, 73, 84, 85, 86, 87, 95, 96, 97, 98, 100, 101, 105, 107, 108, 109, 111, 115, 116, 119, 122], "summary": {"covered_lines": 36, "num_statements": 39, "percent_covered": 92.3076923076923, "percent_covered_display": "92", "missing_lines": 3, "excluded_lines": 0, "percent_statements_covered": 92.3076923076923, "percent_statements_covered_display": "92"}, "missing_lines": [112, 113, 123], "excluded_lines": [], "functions": {"main": {"executed_lines": [49, 50, 51, 55, 59, 60, 64, 70, 72, 73, 84, 85, 86, 87, 95, 96, 97, 98, 100, 101, 105, 107, 108, 109, 111, 115, 116, 119], "summary": {"covered_lines": 28, "num_statements": 30, "percent_covered": 93.33333333333333, "percent_covered_display": "93", "missing_lines": 2, "excluded_lines": 0, "percent_statements_covered": 93.33333333333333, "percent_statements_covered_display": "93"}, "missing_lines": [112, 113], "excluded_lines": [], "start_line": 48}, "": {"executed_lines": [37, 38, 41, 42, 44, 45, 48, 122], "summary": {"covered_lines": 8, "num_statements": 9, "percent_covered": 88.88888888888889, "percent_covered_display": "89", "missing_lines": 1, "excluded_lines": 0, "percent_statements_covered": 88.88888888888889, "percent_statements_covered_display": "89"}, "missing_lines": [123], "excluded_lines": [], "start_line": 1}}, "classes": {"": {"executed_lines": [37, 38, 41, 42, 44, 45, 48, 49, 50, 51, 55, 59, 60, 64, 70, 72, 73, 84, 85, 86, 87, 95, 96, 97, 98, 100, 101, 105, 107, 108, 109, 111, 115, 116, 119, 122], "summary": {"covered_lines": 36, "num_statements": 39, "percent_covered": 92.3076923076923, "percent_covered_display": "92", "missing_lines": 3, "excluded_lines": 0, "percent_statements_covered": 92.3076923076923, "percent_statements_covered_display": "92"}, "missing_lines": [112, 113, 123], "excluded_lines": [], "start_line": 1}}}, "plugins/mycelium/scripts/scope_check.py": {"executed_lines": [37, 38, 39, 40, 43, 44, 55, 56, 57, 58, 59, 60, 61, 62, 66, 67, 69, 70, 71, 75, 76, 77, 80, 81, 84, 86, 89, 91, 98, 99, 102, 105, 106, 107, 112, 113, 118, 119, 120, 121, 123, 124, 125, 135, 136, 142, 143, 144, 146, 148, 151, 153, 154, 157, 158, 164, 167, 170, 171, 172, 176, 178, 181, 184, 185, 186, 194, 195, 198, 199, 200, 203, 210], "summary": {"covered_lines": 73, "num_statements": 83, "percent_covered": 87.95180722891567, "percent_covered_display": "88", "missing_lines": 10, "excluded_lines": 1, "percent_statements_covered": 87.95180722891567, "percent_statements_covered_display": "88"}, "missing_lines": [63, 64, 72, 73, 129, 130, 159, 177, 179, 211], "excluded_lines": [2], "functions": {"_compile_glob": {"executed_lines": [55, 56, 57, 58, 59, 60, 61, 62, 66, 67, 69, 70, 71, 75, 76, 77], "summary": {"covered_lines": 16, "num_statements": 20, "percent_covered": 80.0, "percent_covered_display": "80", "missing_lines": 4, "excluded_lines": 0, "percent_statements_covered": 80.0, "percent_statements_covered_display": "80"}, "missing_lines": [63, 64, 72, 73], "excluded_lines": [], "start_line": 44}, "_glob_match": {"executed_lines": [81], "summary": {"covered_lines": 1, "num_statements": 1, "percent_covered": 100.0, "percent_covered_display": "100", "missing_lines": 0, "excluded_lines": 0, "percent_statements_covered": 100.0, "percent_statements_covered_display": "100"}, "missing_lines": [], "excluded_lines": [], "start_line": 80}, "emit_allow": {"executed_lines": [86], "summary": {"covered_lines": 1, "num_statements": 1, "percent_covered": 100.0, "percent_covered_display": "100", "missing_lines": 0, "excluded_lines": 0, "percent_statements_covered": 100.0, "percent_statements_covered_display": "100"}, "missing_lines": [], "excluded_lines": [], "start_line": 84}, "emit_deny": {"executed_lines": [91, 98, 99], "summary": {"covered_lines": 3, "num_statements": 3, "percent_covered": 100.0, "percent_covered_display": "100", "missing_lines": 0, "excluded_lines": 0, "percent_statements_covered": 100.0, "percent_statements_covered_display": "100"}, "missing_lines": [], "excluded_lines": [], "start_line": 89}, "main": {"executed_lines": [106, 107, 112, 113, 118, 119, 120, 121, 123, 124, 125, 135, 136, 142, 143, 144, 146, 148, 151, 153, 154, 157, 158, 164, 167, 170, 171, 172, 176, 178, 181, 184, 185, 186, 194, 195, 198, 199, 200, 203], "summary": {"covered_lines": 40, "num_statements": 45, "percent_covered": 88.88888888888889, "percent_covered_display": "89", "missing_lines": 5, "excluded_lines": 0, "percent_statements_covered": 88.88888888888889, "percent_statements_covered_display": "89"}, "missing_lines": [129, 130, 159, 177, 179], "excluded_lines": [], "start_line": 105}, "": {"executed_lines": [37, 38, 39, 40, 43, 44, 80, 84, 89, 102, 105, 210], "summary": {"covered_lines": 12, "num_statements": 13, "percent_covered": 92.3076923076923, "percent_covered_display": "92", "missing_lines": 1, "excluded_lines": 1, "percent_statements_covered": 92.3076923076923, "percent_statements_covered_display": "92"}, "missing_lines": [211], "excluded_lines": [2], "start_line": 1}}, "classes": {"": {"executed_lines": [37, 38, 39, 40, 43, 44, 55, 56, 57, 58, 59, 60, 61, 62, 66, 67, 69, 70, 71, 75, 76, 77, 80, 81, 84, 86, 89, 91, 98, 99, 102, 105, 106, 107, 112, 113, 118, 119, 120, 121, 123, 124, 125, 135, 136, 142, 143, 144, 146, 148, 151, 153, 154, 157, 158, 164, 167, 170, 171, 172, 176, 178, 181, 184, 185, 186, 194, 195, 198, 199, 200, 203, 210], "summary": {"covered_lines": 73, "num_statements": 83, "percent_covered": 87.95180722891567, "percent_covered_display": "88", "missing_lines": 10, "excluded_lines": 1, "percent_statements_covered": 87.95180722891567, "percent_statements_covered_display": "88"}, "missing_lines": [63, 64, 72, 73, 129, 130, 159, 177, 179, 211], "excluded_lines": [2], "start_line": 1}}}, "plugins/mycelium/scripts/sync_derived.py": {"executed_lines": [30, 32, 33, 34, 35, 37, 39, 40, 42, 43, 44, 45, 49, 55, 70, 71, 72, 73, 74, 75, 78, 79, 80, 81, 82, 85, 89, 90, 92, 93, 96, 97, 98, 99, 100, 101, 104, 105, 106, 107, 108, 109, 111, 114, 115, 116, 117, 119, 120, 121, 122, 123, 124, 125, 126, 128, 129, 130, 132, 133, 134, 135, 136, 137, 140, 154], "summary": {"covered_lines": 66, "num_statements": 72, "percent_covered": 91.66666666666667, "percent_covered_display": "92", "missing_lines": 6, "excluded_lines": 0, "percent_statements_covered": 91.66666666666667, "percent_statements_covered_display": "92"}, "missing_lines": [141, 142, 146, 150, 151, 155], "excluded_lines": [], "functions": {"canonical_version": {"executed_lines": [71, 72, 73, 74, 75], "summary": {"covered_lines": 5, "num_statements": 5, "percent_covered": 100.0, "percent_covered_display": "100", "missing_lines": 0, "excluded_lines": 0, "percent_statements_covered": 100.0, "percent_statements_covered_display": "100"}, "missing_lines": [], "excluded_lines": [], "start_line": 70}, "canonical_skill_count": {"executed_lines": [79, 80, 81, 82], "summary": {"covered_lines": 4, "num_statements": 4, "percent_covered": 100.0, "percent_covered_display": "100", "missing_lines": 0, "excluded_lines": 0, "percent_statements_covered": 100.0, "percent_statements_covered_display": "100"}, "missing_lines": [], "excluded_lines": [], "start_line": 78}, "_compute_drift": {"executed_lines": [89, 90, 92, 96, 97, 98, 99, 100, 101, 104, 105, 106, 107, 108, 109, 111], "summary": {"covered_lines": 16, "num_statements": 16, "percent_covered": 100.0, "percent_covered_display": "100", "missing_lines": 0, "excluded_lines": 0, "percent_statements_covered": 100.0, "percent_statements_covered_display": "100"}, "missing_lines": [], "excluded_lines": [], "start_line": 85}, "_compute_drift.current": {"executed_lines": [93], "summary": {"covered_lines": 1, "num_statements": 1, "percent_covered": 100.0, "percent_covered_display": "100", "missing_lines": 0, "excluded_lines": 0, "percent_statements_covered": 100.0, "percent_statements_covered_display": "100"}, "missing_lines": [], "excluded_lines": [], "start_line": 92}, "sync": {"executed_lines": [115, 116, 117, 119, 120, 121, 122, 123, 124, 125, 126, 128, 129, 130, 132, 133, 134, 135, 136, 137], "summary": {"covered_lines": 20, "num_statements": 20, "percent_covered": 100.0, "percent_covered_display": "100", "missing_lines": 0, "excluded_lines": 0, "percent_statements_covered": 100.0, "percent_statements_covered_display": "100"}, "missing_lines": [], "excluded_lines": [], "start_line": 114}, "main": {"executed_lines": [], "summary": {"covered_lines": 0, "num_statements": 5, "percent_covered": 0.0, "percent_covered_display": "0", "missing_lines": 5, "excluded_lines": 0, "percent_statements_covered": 0.0, "percent_statements_covered_display": "0"}, "missing_lines": [141, 142, 146, 150, 151], "excluded_lines": [], "start_line": 140}, "": {"executed_lines": [30, 32, 33, 34, 35, 37, 39, 40, 42, 43, 44, 45, 49, 55, 70, 78, 85, 114, 140, 154], "summary": {"covered_lines": 20, "num_statements": 21, "percent_covered": 95.23809523809524, "percent_covered_display": "95", "missing_lines": 1, "excluded_lines": 0, "percent_statements_covered": 95.23809523809524, "percent_statements_covered_display": "95"}, "missing_lines": [155], "excluded_lines": [], "start_line": 1}}, "classes": {"": {"executed_lines": [30, 32, 33, 34, 35, 37, 39, 40, 42, 43, 44, 45, 49, 55, 70, 71, 72, 73, 74, 75, 78, 79, 80, 81, 82, 85, 89, 90, 92, 93, 96, 97, 98, 99, 100, 101, 104, 105, 106, 107, 108, 109, 111, 114, 115, 116, 117, 119, 120, 121, 122, 123, 124, 125, 126, 128, 129, 130, 132, 133, 134, 135, 136, 137, 140, 154], "summary": {"covered_lines": 66, "num_statements": 72, "percent_covered": 91.66666666666667, "percent_covered_display": "92", "missing_lines": 6, "excluded_lines": 0, "percent_statements_covered": 91.66666666666667, "percent_statements_covered_display": "92"}, "missing_lines": [141, 142, 146, 150, 151, 155], "excluded_lines": [], "start_line": 1}}}, "plugins/mycelium/scripts/validate_canvas.py": {"executed_lines": [39, 40, 41, 42, 43, 46, 47, 52, 53, 54, 55, 72, 74, 75, 76, 78, 79, 80, 86, 87, 90, 91, 92, 94, 97, 98, 101, 103, 104, 107, 109, 110, 113, 115, 116, 118, 119, 124, 125, 126, 134, 139, 141, 143, 145, 146, 147, 148, 150, 152, 154, 155, 159, 160, 161, 162, 163, 165, 168, 176, 177, 178, 179, 180, 182, 183, 184, 185, 186, 187, 188, 189, 190, 192, 193, 194, 195, 196, 197, 198, 201, 211, 212, 214, 215, 216, 218, 219, 221, 222, 223, 224, 226, 230, 231, 232, 234, 235, 238, 239, 240, 243, 244, 245, 246, 247, 253, 256, 266, 267, 268, 269, 270, 271, 272, 273, 274, 275, 279, 280, 284, 287, 292, 293, 294, 295, 296, 297, 299, 300, 302, 303, 304, 305, 306, 307, 308, 310, 312, 313, 314, 315, 318, 336, 337, 338, 339, 340, 341, 343, 346, 349, 362, 363, 364, 366, 367, 368, 369, 370, 371, 372, 373, 374, 379, 380, 381, 382, 383, 387, 388, 389, 390, 391, 394, 403, 410, 416, 417, 418, 419, 420, 421, 422, 424, 426, 427, 428, 430, 431, 432, 433, 438, 440, 443, 444, 445, 448, 451, 452, 453, 454, 456, 457, 458, 459, 460, 463, 464, 465, 467, 468, 469, 474, 477], "summary": {"covered_lines": 215, "num_statements": 236, "percent_covered": 91.10169491525424, "percent_covered_display": "91", "missing_lines": 21, "excluded_lines": 0, "percent_statements_covered": 91.10169491525424, "percent_statements_covered_display": "91"}, "missing_lines": [48, 49, 50, 56, 57, 58, 81, 82, 84, 88, 156, 157, 344, 345, 375, 376, 377, 384, 385, 386, 478], "excluded_lines": [], "functions": {"_resolve_paths": {"executed_lines": [74, 75, 76, 78, 79, 80, 86, 87, 90, 91, 92, 94], "summary": {"covered_lines": 12, "num_statements": 16, "percent_covered": 75.0, "percent_covered_display": "75", "missing_lines": 4, "excluded_lines": 0, "percent_statements_covered": 75.0, "percent_statements_covered_display": "75"}, "missing_lines": [81, 82, 84, 88], "excluded_lines": [], "start_line": 72}, "load_yaml": {"executed_lines": [103, 104], "summary": {"covered_lines": 2, "num_statements": 2, "percent_covered": 100.0, "percent_covered_display": "100", "missing_lines": 0, "excluded_lines": 0, "percent_statements_covered": 100.0, "percent_statements_covered_display": "100"}, "missing_lines": [], "excluded_lines": [], "start_line": 101}, "load_schema": {"executed_lines": [109, 110], "summary": {"covered_lines": 2, "num_statements": 2, "percent_covered": 100.0, "percent_covered_display": "100", "missing_lines": 0, "excluded_lines": 0, "percent_statements_covered": 100.0, "percent_statements_covered_display": "100"}, "missing_lines": [], "excluded_lines": [], "start_line": 107}, "build_registry": {"executed_lines": [115, 116, 118, 119, 124, 125, 126], "summary": {"covered_lines": 7, "num_statements": 7, "percent_covered": 100.0, "percent_covered_display": "100", "missing_lines": 0, "excluded_lines": 0, "percent_statements_covered": 100.0, "percent_statements_covered_display": "100"}, "missing_lines": [], "excluded_lines": [], "start_line": 113}, "validate_canvas_against_schema": {"executed_lines": [139, 141, 143, 145, 146, 147, 148, 150, 152, 154, 155, 159, 160, 161, 162, 163, 165], "summary": {"covered_lines": 17, "num_statements": 19, "percent_covered": 89.47368421052632, "percent_covered_display": "89", "missing_lines": 2, "excluded_lines": 0, "percent_statements_covered": 89.47368421052632, "percent_statements_covered_display": "89"}, "missing_lines": [156, 157], "excluded_lines": [], "start_line": 134}, "_walk_canvas": {"executed_lines": [176, 177, 178, 179, 180, 182, 183, 184, 185, 186, 187, 188, 189, 190, 192, 193, 194, 195, 196, 197, 198], "summary": {"covered_lines": 21, "num_statements": 21, "percent_covered": 100.0, "percent_covered_display": "100", "missing_lines": 0, "excluded_lines": 0, "percent_statements_covered": 100.0, "percent_statements_covered_display": "100"}, "missing_lines": [], "excluded_lines": [], "start_line": 168}, "collect_trace_graph": {"executed_lines": [211, 212, 214, 215, 216, 218, 219, 221, 222, 223, 224, 226, 230, 231, 232, 234, 235, 238, 239, 240, 243, 244, 245, 246, 247, 253], "summary": {"covered_lines": 26, "num_statements": 26, "percent_covered": 100.0, "percent_covered_display": "100", "missing_lines": 0, "excluded_lines": 0, "percent_statements_covered": 100.0, "percent_statements_covered_display": "100"}, "missing_lines": [], "excluded_lines": [], "start_line": 201}, "resolve_trace_references": {"executed_lines": [266, 267, 268, 269, 270, 271, 272, 273, 274, 275, 279, 280, 284], "summary": {"covered_lines": 13, "num_statements": 13, "percent_covered": 100.0, "percent_covered_display": "100", "missing_lines": 0, "excluded_lines": 0, "percent_statements_covered": 100.0, "percent_statements_covered_display": "100"}, "missing_lines": [], "excluded_lines": [], "start_line": 256}, "detect_cycles": {"executed_lines": [292, 293, 294, 295, 296, 297, 299, 300, 302, 303, 304, 305, 306, 307, 308, 310, 312, 313, 314, 315], "summary": {"covered_lines": 20, "num_statements": 20, "percent_covered": 100.0, "percent_covered_display": "100", "missing_lines": 0, "excluded_lines": 0, "percent_statements_covered": 100.0, "percent_statements_covered_display": "100"}, "missing_lines": [], "excluded_lines": [], "start_line": 287}, "validate_all_yaml_parses": {"executed_lines": [336, 337, 338, 339, 340, 341, 343, 346], "summary": {"covered_lines": 8, "num_statements": 10, "percent_covered": 80.0, "percent_covered_display": "80", "missing_lines": 2, "excluded_lines": 0, "percent_statements_covered": 80.0, "percent_statements_covered_display": "80"}, "missing_lines": [344, 345], "excluded_lines": [], "start_line": 318}, "validate_diamonds": {"executed_lines": [362, 363, 364, 366, 367, 368, 369, 370, 371, 372, 373, 374, 379, 380, 381, 382, 383, 387, 388, 389, 390, 391], "summary": {"covered_lines": 22, "num_statements": 28, "percent_covered": 78.57142857142857, "percent_covered_display": "79", "missing_lines": 6, "excluded_lines": 0, "percent_statements_covered": 78.57142857142857, "percent_statements_covered_display": "79"}, "missing_lines": [375, 376, 377, 384, 385, 386], "excluded_lines": [], "start_line": 349}, "schemaless_canvas_warnings": {"executed_lines": [403], "summary": {"covered_lines": 1, "num_statements": 1, "percent_covered": 100.0, "percent_covered_display": "100", "missing_lines": 0, "excluded_lines": 0, "percent_statements_covered": 100.0, "percent_statements_covered_display": "100"}, "missing_lines": [], "excluded_lines": [], "start_line": 394}, "main": {"executed_lines": [416, 417, 418, 419, 420, 421, 422, 424, 426, 427, 428, 430, 431, 432, 433, 438, 440, 443, 444, 445, 448, 451, 452, 453, 454, 456, 457, 458, 459, 460, 463, 464, 465, 467, 468, 469, 474], "summary": {"covered_lines": 37, "num_statements": 37, "percent_covered": 100.0, "percent_covered_display": "100", "missing_lines": 0, "excluded_lines": 0, "percent_statements_covered": 100.0, "percent_statements_covered_display": "100"}, "missing_lines": [], "excluded_lines": [], "start_line": 410}, "": {"executed_lines": [39, 40, 41, 42, 43, 46, 47, 52, 53, 54, 55, 72, 97, 98, 101, 107, 113, 134, 168, 201, 256, 287, 318, 349, 394, 410, 477], "summary": {"covered_lines": 27, "num_statements": 34, "percent_covered": 79.41176470588235, "percent_covered_display": "79", "missing_lines": 7, "excluded_lines": 0, "percent_statements_covered": 79.41176470588235, "percent_statements_covered_display": "79"}, "missing_lines": [48, 49, 50, 56, 57, 58, 478], "excluded_lines": [], "start_line": 1}}, "classes": {"": {"executed_lines": [39, 40, 41, 42, 43, 46, 47, 52, 53, 54, 55, 72, 74, 75, 76, 78, 79, 80, 86, 87, 90, 91, 92, 94, 97, 98, 101, 103, 104, 107, 109, 110, 113, 115, 116, 118, 119, 124, 125, 126, 134, 139, 141, 143, 145, 146, 147, 148, 150, 152, 154, 155, 159, 160, 161, 162, 163, 165, 168, 176, 177, 178, 179, 180, 182, 183, 184, 185, 186, 187, 188, 189, 190, 192, 193, 194, 195, 196, 197, 198, 201, 211, 212, 214, 215, 216, 218, 219, 221, 222, 223, 224, 226, 230, 231, 232, 234, 235, 238, 239, 240, 243, 244, 245, 246, 247, 253, 256, 266, 267, 268, 269, 270, 271, 272, 273, 274, 275, 279, 280, 284, 287, 292, 293, 294, 295, 296, 297, 299, 300, 302, 303, 304, 305, 306, 307, 308, 310, 312, 313, 314, 315, 318, 336, 337, 338, 339, 340, 341, 343, 346, 349, 362, 363, 364, 366, 367, 368, 369, 370, 371, 372, 373, 374, 379, 380, 381, 382, 383, 387, 388, 389, 390, 391, 394, 403, 410, 416, 417, 418, 419, 420, 421, 422, 424, 426, 427, 428, 430, 431, 432, 433, 438, 440, 443, 444, 445, 448, 451, 452, 453, 454, 456, 457, 458, 459, 460, 463, 464, 465, 467, 468, 469, 474, 477], "summary": {"covered_lines": 215, "num_statements": 236, "percent_covered": 91.10169491525424, "percent_covered_display": "91", "missing_lines": 21, "excluded_lines": 0, "percent_statements_covered": 91.10169491525424, "percent_statements_covered_display": "91"}, "missing_lines": [48, 49, 50, 56, 57, 58, 81, 82, 84, 88, 156, 157, 344, 345, 375, 376, 377, 384, 385, 386, 478], "excluded_lines": [], "start_line": 1}}}, "plugins/mycelium/scripts/validate_mermaid.py": {"executed_lines": [31, 32, 33, 34, 35, 37, 38, 40, 41, 44, 45, 48, 51, 53, 54, 57, 58, 60, 61, 63, 66, 67, 68, 69, 72, 78, 79, 80, 82, 83, 84, 85, 88, 89, 90, 91, 92, 93, 94, 95, 96, 97, 102, 103, 106, 108, 109, 110, 111, 112, 113, 114, 115, 116, 119, 121, 122, 123, 124, 125, 126, 127, 128, 129, 130, 131, 135, 136, 137, 138, 139, 140, 143, 146, 148, 149, 150, 173, 174, 175, 177, 178, 179, 183, 184, 185, 190, 196, 199, 200, 201, 202, 203, 205, 206, 208, 209, 210, 211, 212, 213, 214, 215, 216, 217, 220], "summary": {"covered_lines": 106, "num_statements": 122, "percent_covered": 86.88524590163935, "percent_covered_display": "87", "missing_lines": 16, "excluded_lines": 0, "percent_statements_covered": 86.88524590163935, "percent_statements_covered_display": "87"}, "missing_lines": [154, 155, 156, 157, 158, 159, 166, 167, 168, 169, 170, 191, 192, 193, 194, 221], "excluded_lines": [], "functions": {"extract_mermaid": {"executed_lines": [53, 54], "summary": {"covered_lines": 2, "num_statements": 2, "percent_covered": 100.0, "percent_covered_display": "100", "missing_lines": 0, "excluded_lines": 0, "percent_statements_covered": 100.0, "percent_statements_covered_display": "100"}, "missing_lines": [], "excluded_lines": [], "start_line": 51}, "_luminance": {"executed_lines": [58, 60, 63], "summary": {"covered_lines": 3, "num_statements": 3, "percent_covered": 100.0, "percent_covered_display": "100", "missing_lines": 0, "excluded_lines": 0, "percent_statements_covered": 100.0, "percent_statements_covered_display": "100"}, "missing_lines": [], "excluded_lines": [], "start_line": 57}, "_luminance.lin": {"executed_lines": [61], "summary": {"covered_lines": 1, "num_statements": 1, "percent_covered": 100.0, "percent_covered_display": "100", "missing_lines": 0, "excluded_lines": 0, "percent_statements_covered": 100.0, "percent_statements_covered_display": "100"}, "missing_lines": [], "excluded_lines": [], "start_line": 60}, "contrast_ratio": {"executed_lines": [67, 68, 69], "summary": {"covered_lines": 3, "num_statements": 3, "percent_covered": 100.0, "percent_covered_display": "100", "missing_lines": 0, "excluded_lines": 0, "percent_statements_covered": 100.0, "percent_statements_covered_display": "100"}, "missing_lines": [], "excluded_lines": [], "start_line": 66}, "_pair_name": {"executed_lines": [78, 79, 80, 82, 83, 84, 85], "summary": {"covered_lines": 7, "num_statements": 7, "percent_covered": 100.0, "percent_covered_display": "100", "missing_lines": 0, "excluded_lines": 0, "percent_statements_covered": 100.0, "percent_statements_covered_display": "100"}, "missing_lines": [], "excluded_lines": [], "start_line": 72}, "check_contrast": {"executed_lines": [89, 90, 91, 92, 93, 94, 95, 96, 97, 102, 103], "summary": {"covered_lines": 11, "num_statements": 11, "percent_covered": 100.0, "percent_covered_display": "100", "missing_lines": 0, "excluded_lines": 0, "percent_statements_covered": 100.0, "percent_statements_covered_display": "100"}, "missing_lines": [], "excluded_lines": [], "start_line": 88}, "_declared_state_ids": {"executed_lines": [108, 109, 110, 111, 112, 113, 114, 115, 116], "summary": {"covered_lines": 9, "num_statements": 9, "percent_covered": 100.0, "percent_covered_display": "100", "missing_lines": 0, "excluded_lines": 0, "percent_statements_covered": 100.0, "percent_statements_covered_display": "100"}, "missing_lines": [], "excluded_lines": [], "start_line": 106}, "check_state_ids": {"executed_lines": [121, 122, 123, 124, 125, 126, 127, 128, 129, 130, 131, 135, 136, 137, 138, 139, 140, 143], "summary": {"covered_lines": 18, "num_statements": 18, "percent_covered": 100.0, "percent_covered_display": "100", "missing_lines": 0, "excluded_lines": 0, "percent_statements_covered": 100.0, "percent_statements_covered_display": "100"}, "missing_lines": [], "excluded_lines": [], "start_line": 119}, "check_cli": {"executed_lines": [148, 149, 150], "summary": {"covered_lines": 3, "num_statements": 14, "percent_covered": 21.428571428571427, "percent_covered_display": "21", "missing_lines": 11, "excluded_lines": 0, "percent_statements_covered": 21.428571428571427, "percent_statements_covered_display": "21"}, "missing_lines": [154, 155, 156, 157, 158, 159, 166, 167, 168, 169, 170], "excluded_lines": [], "start_line": 146}, "validate": {"executed_lines": [174, 175, 177, 178, 179, 183, 184, 185, 190, 196], "summary": {"covered_lines": 10, "num_statements": 14, "percent_covered": 71.42857142857143, "percent_covered_display": "71", "missing_lines": 4, "excluded_lines": 0, "percent_statements_covered": 71.42857142857143, "percent_statements_covered_display": "71"}, "missing_lines": [191, 192, 193, 194], "excluded_lines": [], "start_line": 173}, "main": {"executed_lines": [200, 201, 202, 203, 205, 206, 208, 209, 210, 211, 212, 213, 214, 215, 216, 217], "summary": {"covered_lines": 16, "num_statements": 16, "percent_covered": 100.0, "percent_covered_display": "100", "missing_lines": 0, "excluded_lines": 0, "percent_statements_covered": 100.0, "percent_statements_covered_display": "100"}, "missing_lines": [], "excluded_lines": [], "start_line": 199}, "": {"executed_lines": [31, 32, 33, 34, 35, 37, 38, 40, 41, 44, 45, 48, 51, 57, 66, 72, 88, 106, 119, 146, 173, 199, 220], "summary": {"covered_lines": 23, "num_statements": 24, "percent_covered": 95.83333333333333, "percent_covered_display": "96", "missing_lines": 1, "excluded_lines": 0, "percent_statements_covered": 95.83333333333333, "percent_statements_covered_display": "96"}, "missing_lines": [221], "excluded_lines": [], "start_line": 1}}, "classes": {"": {"executed_lines": [31, 32, 33, 34, 35, 37, 38, 40, 41, 44, 45, 48, 51, 53, 54, 57, 58, 60, 61, 63, 66, 67, 68, 69, 72, 78, 79, 80, 82, 83, 84, 85, 88, 89, 90, 91, 92, 93, 94, 95, 96, 97, 102, 103, 106, 108, 109, 110, 111, 112, 113, 114, 115, 116, 119, 121, 122, 123, 124, 125, 126, 127, 128, 129, 130, 131, 135, 136, 137, 138, 139, 140, 143, 146, 148, 149, 150, 173, 174, 175, 177, 178, 179, 183, 184, 185, 190, 196, 199, 200, 201, 202, 203, 205, 206, 208, 209, 210, 211, 212, 213, 214, 215, 216, 217, 220], "summary": {"covered_lines": 106, "num_statements": 122, "percent_covered": 86.88524590163935, "percent_covered_display": "87", "missing_lines": 16, "excluded_lines": 0, "percent_statements_covered": 86.88524590163935, "percent_statements_covered_display": "87"}, "missing_lines": [154, 155, 156, 157, 158, 159, 166, 167, 168, 169, 170, 191, 192, 193, 194, 221], "excluded_lines": [], "start_line": 1}}}, "plugins/mycelium/scripts/verify_citations.py": {"executed_lines": [45, 46, 47, 48, 49, 50, 54, 58, 64, 74, 76, 77, 78, 79, 82, 84, 85, 86, 88, 89, 90, 91, 97, 99, 100, 101, 102, 103, 104, 105, 106, 108, 109, 110, 111, 112, 113, 114, 118, 121, 131, 134, 145, 146, 149, 152, 153, 156, 159, 171, 172, 174, 175, 176, 178, 179, 180, 181, 182, 183, 184, 186, 188, 199, 201, 202, 203, 210, 211, 212, 213, 214, 215, 216, 220, 221, 224, 228, 229, 232, 233, 239, 248, 253, 258, 263, 266, 267, 273, 277, 279, 280, 282, 283, 288], "summary": {"covered_lines": 95, "num_statements": 106, "percent_covered": 89.62264150943396, "percent_covered_display": "90", "missing_lines": 11, "excluded_lines": 0, "percent_statements_covered": 89.62264150943396, "percent_statements_covered_display": "90"}, "missing_lines": [107, 115, 117, 147, 150, 269, 270, 274, 275, 285, 289], "excluded_lines": [], "functions": {"looks_like_file_path": {"executed_lines": [74, 76, 77, 78, 79], "summary": {"covered_lines": 5, "num_statements": 5, "percent_covered": 100.0, "percent_covered_display": "100", "missing_lines": 0, "excluded_lines": 0, "percent_statements_covered": 100.0, "percent_statements_covered_display": "100"}, "missing_lines": [], "excluded_lines": [], "start_line": 64}, "extract_citations": {"executed_lines": [84, 85, 86, 88, 89, 90, 91], "summary": {"covered_lines": 7, "num_statements": 7, "percent_covered": 100.0, "percent_covered_display": "100", "missing_lines": 0, "excluded_lines": 0, "percent_statements_covered": 100.0, "percent_statements_covered_display": "100"}, "missing_lines": [], "excluded_lines": [], "start_line": 82}, "load_read_log": {"executed_lines": [99, 100, 101, 102, 103, 104, 105, 106, 108, 109, 110, 111, 112, 113, 114, 118], "summary": {"covered_lines": 16, "num_statements": 19, "percent_covered": 84.21052631578948, "percent_covered_display": "84", "missing_lines": 3, "excluded_lines": 0, "percent_statements_covered": 84.21052631578948, "percent_statements_covered_display": "84"}, "missing_lines": [107, 115, 117], "excluded_lines": [], "start_line": 97}, "normalize_path": {"executed_lines": [131], "summary": {"covered_lines": 1, "num_statements": 1, "percent_covered": 100.0, "percent_covered_display": "100", "missing_lines": 0, "excluded_lines": 0, "percent_statements_covered": 100.0, "percent_statements_covered_display": "100"}, "missing_lines": [], "excluded_lines": [], "start_line": 121}, "cited_path_matches_read": {"executed_lines": [145, 146, 149, 152, 153, 156], "summary": {"covered_lines": 6, "num_statements": 8, "percent_covered": 75.0, "percent_covered_display": "75", "missing_lines": 2, "excluded_lines": 0, "percent_statements_covered": 75.0, "percent_statements_covered_display": "75"}, "missing_lines": [147, 150], "excluded_lines": [], "start_line": 134}, "verify": {"executed_lines": [171, 172, 174, 175, 176, 178, 179, 180, 181, 182, 183, 184, 186, 188], "summary": {"covered_lines": 14, "num_statements": 14, "percent_covered": 100.0, "percent_covered_display": "100", "missing_lines": 0, "excluded_lines": 0, "percent_statements_covered": 100.0, "percent_statements_covered_display": "100"}, "missing_lines": [], "excluded_lines": [], "start_line": 159}, "format_human": {"executed_lines": [201, 202, 203, 210, 211, 212, 213, 214, 215, 216, 220, 221, 224, 228, 229], "summary": {"covered_lines": 15, "num_statements": 15, "percent_covered": 100.0, "percent_covered_display": "100", "missing_lines": 0, "excluded_lines": 0, "percent_statements_covered": 100.0, "percent_statements_covered_display": "100"}, "missing_lines": [], "excluded_lines": [], "start_line": 199}, "main": {"executed_lines": [233, 239, 248, 253, 258, 263, 266, 267, 273, 277, 279, 280, 282, 283], "summary": {"covered_lines": 14, "num_statements": 19, "percent_covered": 73.6842105263158, "percent_covered_display": "74", "missing_lines": 5, "excluded_lines": 0, "percent_statements_covered": 73.6842105263158, "percent_statements_covered_display": "74"}, "missing_lines": [269, 270, 274, 275, 285], "excluded_lines": [], "start_line": 232}, "": {"executed_lines": [45, 46, 47, 48, 49, 50, 54, 58, 64, 82, 97, 121, 134, 159, 199, 232, 288], "summary": {"covered_lines": 17, "num_statements": 18, "percent_covered": 94.44444444444444, "percent_covered_display": "94", "missing_lines": 1, "excluded_lines": 0, "percent_statements_covered": 94.44444444444444, "percent_statements_covered_display": "94"}, "missing_lines": [289], "excluded_lines": [], "start_line": 1}}, "classes": {"": {"executed_lines": [45, 46, 47, 48, 49, 50, 54, 58, 64, 74, 76, 77, 78, 79, 82, 84, 85, 86, 88, 89, 90, 91, 97, 99, 100, 101, 102, 103, 104, 105, 106, 108, 109, 110, 111, 112, 113, 114, 118, 121, 131, 134, 145, 146, 149, 152, 153, 156, 159, 171, 172, 174, 175, 176, 178, 179, 180, 181, 182, 183, 184, 186, 188, 199, 201, 202, 203, 210, 211, 212, 213, 214, 215, 216, 220, 221, 224, 228, 229, 232, 233, 239, 248, 253, 258, 263, 266, 267, 273, 277, 279, 280, 282, 283, 288], "summary": {"covered_lines": 95, "num_statements": 106, "percent_covered": 89.62264150943396, "percent_covered_display": "90", "missing_lines": 11, "excluded_lines": 0, "percent_statements_covered": 89.62264150943396, "percent_statements_covered_display": "90"}, "missing_lines": [107, 115, 117, 147, 150, 269, 270, 274, 275, 285, 289], "excluded_lines": [], "start_line": 1}}}}, "totals": {"covered_lines": 1264, "num_statements": 1385, "percent_covered": 91.26353790613719, "percent_covered_display": "91", "missing_lines": 121, "excluded_lines": 1, "percent_statements_covered": 91.26353790613719, "percent_statements_covered_display": "91"}}